{"/home/jordan/Projects/mongoose-uuid/index.js":{"path":"/home/jordan/Projects/mongoose-uuid/index.js","s":{"1":1,"2":1,"3":1,"4":1,"5":1,"6":1,"7":31,"8":1,"9":30,"10":30,"11":30,"12":30,"13":480,"14":30,"15":30,"16":480,"17":480,"18":24,"19":456,"20":30,"21":30,"22":1,"23":6,"24":6,"25":1,"26":1,"27":1,"28":1,"29":1,"30":33,"31":3,"32":0,"33":3,"34":3,"35":3,"36":0,"37":0,"38":0,"39":0,"40":0,"41":0,"42":0,"43":0,"44":0,"45":0,"46":0,"47":0,"48":0,"49":0,"50":0,"51":0,"52":30,"53":0,"54":30,"55":15,"56":15,"57":15,"58":15,"59":15,"60":15,"61":0,"62":1,"63":16,"64":16,"65":6,"66":6,"67":0,"68":6,"69":10,"70":10,"71":1,"72":1},"b":{"1":[1,30],"2":[24,456],"3":[3,30],"4":[0,3],"5":[3,3],"6":[3,0],"7":[0,0],"8":[0,0],"9":[0,0],"10":[0,0],"11":[0,0],"12":[0,0],"13":[0,0,0,0,0],"14":[0,30],"15":[30,30],"16":[15,15],"17":[15,0],"18":[6,10],"19":[0,6]},"f":{"1":31,"2":6,"3":1,"4":33,"5":16,"6":1},"fnMap":{"1":{"name":"getter","line":10,"loc":{"start":{"line":10,"column":0},"end":{"line":10,"column":24}}},"2":{"name":"SchemaUUID","line":36,"loc":{"start":{"line":36,"column":0},"end":{"line":36,"column":34}}},"3":{"name":"(anonymous_3)","line":46,"loc":{"start":{"line":46,"column":37},"end":{"line":46,"column":54}}},"4":{"name":"(anonymous_4)","line":50,"loc":{"start":{"line":50,"column":28},"end":{"line":50,"column":56}}},"5":{"name":"(anonymous_5)","line":111,"loc":{"start":{"line":111,"column":36},"end":{"line":111,"column":65}}},"6":{"name":"(anonymous_6)","line":124,"loc":{"start":{"line":124,"column":17},"end":{"line":124,"column":36}}}},"statementMap":{"1":{"start":{"line":3,"column":0},"end":{"line":3,"column":35}},"2":{"start":{"line":4,"column":0},"end":{"line":4,"column":27}},"3":{"start":{"line":5,"column":0},"end":{"line":5,"column":27}},"4":{"start":{"line":6,"column":0},"end":{"line":6,"column":32}},"5":{"start":{"line":8,"column":0},"end":{"line":8,"column":33}},"6":{"start":{"line":10,"column":0},"end":{"line":34,"column":1}},"7":{"start":{"line":11,"column":2},"end":{"line":11,"column":31}},"8":{"start":{"line":11,"column":14},"end":{"line":11,"column":31}},"9":{"start":{"line":12,"column":2},"end":{"line":12,"column":28}},"10":{"start":{"line":14,"column":2},"end":{"line":14,"column":29}},"11":{"start":{"line":16,"column":2},"end":{"line":16,"column":28}},"12":{"start":{"line":18,"column":2},"end":{"line":19,"column":18}},"13":{"start":{"line":19,"column":4},"end":{"line":19,"column":18}},"14":{"start":{"line":21,"column":2},"end":{"line":21,"column":15}},"15":{"start":{"line":23,"column":2},"end":{"line":30,"column":3}},"16":{"start":{"line":25,"column":4},"end":{"line":25,"column":29}},"17":{"start":{"line":26,"column":4},"end":{"line":29,"column":28}},"18":{"start":{"line":27,"column":6},"end":{"line":27,"column":32}},"19":{"start":{"line":29,"column":6},"end":{"line":29,"column":28}},"20":{"start":{"line":32,"column":2},"end":{"line":32,"column":137}},"21":{"start":{"line":33,"column":2},"end":{"line":33,"column":17}},"22":{"start":{"line":36,"column":0},"end":{"line":39,"column":1}},"23":{"start":{"line":37,"column":2},"end":{"line":37,"column":56}},"24":{"start":{"line":38,"column":2},"end":{"line":38,"column":28}},"25":{"start":{"line":41,"column":0},"end":{"line":41,"column":55}},"26":{"start":{"line":44,"column":0},"end":{"line":44,"column":31}},"27":{"start":{"line":46,"column":0},"end":{"line":48,"column":2}},"28":{"start":{"line":47,"column":2},"end":{"line":47,"column":55}},"29":{"start":{"line":50,"column":0},"end":{"line":109,"column":2}},"30":{"start":{"line":51,"column":2},"end":{"line":91,"column":3}},"31":{"start":{"line":54,"column":4},"end":{"line":56,"column":5}},"32":{"start":{"line":55,"column":6},"end":{"line":55,"column":19}},"33":{"start":{"line":58,"column":4},"end":{"line":61,"column":5}},"34":{"start":{"line":59,"column":6},"end":{"line":59,"column":36}},"35":{"start":{"line":60,"column":6},"end":{"line":60,"column":19}},"36":{"start":{"line":64,"column":4},"end":{"line":72,"column":5}},"37":{"start":{"line":65,"column":6},"end":{"line":65,"column":19}},"38":{"start":{"line":66,"column":11},"end":{"line":72,"column":5}},"39":{"start":{"line":67,"column":6},"end":{"line":67,"column":68}},"40":{"start":{"line":68,"column":6},"end":{"line":68,"column":44}},"41":{"start":{"line":69,"column":6},"end":{"line":69,"column":35}},"42":{"start":{"line":70,"column":11},"end":{"line":72,"column":5}},"43":{"start":{"line":71,"column":6},"end":{"line":71,"column":52}},"44":{"start":{"line":77,"column":4},"end":{"line":77,"column":42}},"45":{"start":{"line":78,"column":4},"end":{"line":78,"column":62}},"46":{"start":{"line":79,"column":4},"end":{"line":79,"column":42}},"47":{"start":{"line":80,"column":4},"end":{"line":80,"column":20}},"48":{"start":{"line":81,"column":4},"end":{"line":88,"column":5}},"49":{"start":{"line":86,"column":6},"end":{"line":86,"column":41}},"50":{"start":{"line":87,"column":6},"end":{"line":87,"column":34}},"51":{"start":{"line":90,"column":4},"end":{"line":90,"column":15}},"52":{"start":{"line":93,"column":2},"end":{"line":95,"column":3}},"53":{"start":{"line":94,"column":4},"end":{"line":94,"column":17}},"54":{"start":{"line":97,"column":2},"end":{"line":98,"column":17}},"55":{"start":{"line":98,"column":4},"end":{"line":98,"column":17}},"56":{"start":{"line":100,"column":2},"end":{"line":100,"column":17}},"57":{"start":{"line":102,"column":2},"end":{"line":106,"column":3}},"58":{"start":{"line":103,"column":4},"end":{"line":103,"column":62}},"59":{"start":{"line":104,"column":4},"end":{"line":104,"column":42}},"60":{"start":{"line":105,"column":4},"end":{"line":105,"column":33}},"61":{"start":{"line":108,"column":2},"end":{"line":108,"column":59}},"62":{"start":{"line":111,"column":0},"end":{"line":122,"column":2}},"63":{"start":{"line":112,"column":2},"end":{"line":112,"column":14}},"64":{"start":{"line":113,"column":2},"end":{"line":121,"column":3}},"65":{"start":{"line":114,"column":4},"end":{"line":114,"column":54}},"66":{"start":{"line":115,"column":4},"end":{"line":116,"column":69}},"67":{"start":{"line":116,"column":6},"end":{"line":116,"column":69}},"68":{"start":{"line":117,"column":4},"end":{"line":117,"column":35}},"69":{"start":{"line":119,"column":4},"end":{"line":119,"column":23}},"70":{"start":{"line":120,"column":4},"end":{"line":120,"column":26}},"71":{"start":{"line":124,"column":0},"end":{"line":126,"column":1}},"72":{"start":{"line":125,"column":2},"end":{"line":125,"column":63}}},"branchMap":{"1":{"line":11,"type":"if","locations":[{"start":{"line":11,"column":2},"end":{"line":11,"column":2}},{"start":{"line":11,"column":2},"end":{"line":11,"column":2}}]},"2":{"line":26,"type":"if","locations":[{"start":{"line":26,"column":4},"end":{"line":26,"column":4}},{"start":{"line":26,"column":4},"end":{"line":26,"column":4}}]},"3":{"line":51,"type":"if","locations":[{"start":{"line":51,"column":2},"end":{"line":51,"column":2}},{"start":{"line":51,"column":2},"end":{"line":51,"column":2}}]},"4":{"line":54,"type":"if","locations":[{"start":{"line":54,"column":4},"end":{"line":54,"column":4}},{"start":{"line":54,"column":4},"end":{"line":54,"column":4}}]},"5":{"line":54,"type":"binary-expr","locations":[{"start":{"line":54,"column":8},"end":{"line":54,"column":22}},{"start":{"line":54,"column":26},"end":{"line":54,"column":45}}]},"6":{"line":58,"type":"if","locations":[{"start":{"line":58,"column":4},"end":{"line":58,"column":4}},{"start":{"line":58,"column":4},"end":{"line":58,"column":4}}]},"7":{"line":64,"type":"if","locations":[{"start":{"line":64,"column":4},"end":{"line":64,"column":4}},{"start":{"line":64,"column":4},"end":{"line":64,"column":4}}]},"8":{"line":66,"type":"if","locations":[{"start":{"line":66,"column":11},"end":{"line":66,"column":11}},{"start":{"line":66,"column":11},"end":{"line":66,"column":11}}]},"9":{"line":70,"type":"if","locations":[{"start":{"line":70,"column":11},"end":{"line":70,"column":11}},{"start":{"line":70,"column":11},"end":{"line":70,"column":11}}]},"10":{"line":70,"type":"binary-expr","locations":[{"start":{"line":70,"column":15},"end":{"line":70,"column":37}},{"start":{"line":70,"column":41},"end":{"line":70,"column":62}}]},"11":{"line":78,"type":"cond-expr","locations":[{"start":{"line":78,"column":36},"end":{"line":78,"column":55}},{"start":{"line":78,"column":58},"end":{"line":78,"column":61}}]},"12":{"line":81,"type":"if","locations":[{"start":{"line":81,"column":4},"end":{"line":81,"column":4}},{"start":{"line":81,"column":4},"end":{"line":81,"column":4}}]},"13":{"line":81,"type":"binary-expr","locations":[{"start":{"line":81,"column":8},"end":{"line":81,"column":26}},{"start":{"line":82,"column":8},"end":{"line":82,"column":32}},{"start":{"line":83,"column":8},"end":{"line":83,"column":40}},{"start":{"line":84,"column":8},"end":{"line":84,"column":48}},{"start":{"line":85,"column":8},"end":{"line":85,"column":53}}]},"14":{"line":93,"type":"if","locations":[{"start":{"line":93,"column":2},"end":{"line":93,"column":2}},{"start":{"line":93,"column":2},"end":{"line":93,"column":2}}]},"15":{"line":93,"type":"binary-expr","locations":[{"start":{"line":93,"column":6},"end":{"line":93,"column":20}},{"start":{"line":93,"column":24},"end":{"line":93,"column":43}}]},"16":{"line":97,"type":"if","locations":[{"start":{"line":97,"column":2},"end":{"line":97,"column":2}},{"start":{"line":97,"column":2},"end":{"line":97,"column":2}}]},"17":{"line":102,"type":"if","locations":[{"start":{"line":102,"column":2},"end":{"line":102,"column":2}},{"start":{"line":102,"column":2},"end":{"line":102,"column":2}}]},"18":{"line":113,"type":"if","locations":[{"start":{"line":113,"column":2},"end":{"line":113,"column":2}},{"start":{"line":113,"column":2},"end":{"line":113,"column":2}}]},"19":{"line":115,"type":"if","locations":[{"start":{"line":115,"column":4},"end":{"line":115,"column":4}},{"start":{"line":115,"column":4},"end":{"line":115,"column":4}}]}}}}