TN:
SF:/home/jordan/Projects/mongoose-uuid/index.js
FN:10,getter
FN:36,SchemaUUID
FN:46,(anonymous_3)
FN:50,(anonymous_4)
FN:111,(anonymous_5)
FN:124,(anonymous_6)
FNF:6
FNH:6
FNDA:31,getter
FNDA:6,SchemaUUID
FNDA:1,(anonymous_3)
FNDA:33,(anonymous_4)
FNDA:16,(anonymous_5)
FNDA:1,(anonymous_6)
DA:3,1
DA:4,1
DA:5,1
DA:6,1
DA:8,1
DA:10,1
DA:11,31
DA:12,30
DA:14,30
DA:16,30
DA:18,30
DA:19,480
DA:21,30
DA:23,30
DA:25,480
DA:26,480
DA:27,24
DA:29,456
DA:32,30
DA:33,30
DA:36,1
DA:37,6
DA:38,6
DA:41,1
DA:44,1
DA:46,1
DA:47,1
DA:50,1
DA:51,33
DA:54,3
DA:55,0
DA:58,3
DA:59,3
DA:60,3
DA:64,0
DA:65,0
DA:66,0
DA:67,0
DA:68,0
DA:69,0
DA:70,0
DA:71,0
DA:77,0
DA:78,0
DA:79,0
DA:80,0
DA:81,0
DA:86,0
DA:87,0
DA:90,0
DA:93,30
DA:94,0
DA:97,30
DA:98,15
DA:100,15
DA:102,15
DA:103,15
DA:104,15
DA:105,15
DA:108,0
DA:111,1
DA:112,16
DA:113,16
DA:114,6
DA:115,6
DA:116,0
DA:117,6
DA:119,10
DA:120,10
DA:124,1
DA:125,1
LF:71
LH:51
BRDA:11,1,0,1
BRDA:11,1,1,30
BRDA:26,2,0,24
BRDA:26,2,1,456
BRDA:51,3,0,3
BRDA:51,3,1,30
BRDA:54,4,0,0
BRDA:54,4,1,3
BRDA:54,5,0,3
BRDA:54,5,1,3
BRDA:58,6,0,3
BRDA:58,6,1,0
BRDA:64,7,0,0
BRDA:64,7,1,0
BRDA:66,8,0,0
BRDA:66,8,1,0
BRDA:70,9,0,0
BRDA:70,9,1,0
BRDA:70,10,0,0
BRDA:70,10,1,0
BRDA:78,11,0,0
BRDA:78,11,1,0
BRDA:81,12,0,0
BRDA:81,12,1,0
BRDA:81,13,0,0
BRDA:81,13,1,0
BRDA:81,13,2,0
BRDA:81,13,3,0
BRDA:81,13,4,0
BRDA:93,14,0,0
BRDA:93,14,1,30
BRDA:93,15,0,30
BRDA:93,15,1,30
BRDA:97,16,0,15
BRDA:97,16,1,15
BRDA:102,17,0,15
BRDA:102,17,1,0
BRDA:113,18,0,6
BRDA:113,18,1,10
BRDA:115,19,0,0
BRDA:115,19,1,6
BRF:41
BRH:19
end_of_record
